0000000 457f 464c 0102 0001 0000 0000 0000 0000
0000010 0003 003e 0001 0000 1060 0000 0000 0000
0000020 0040 0000 0000 0000 3b00 0000 0000 0000
0000030 0000 0000 0040 0038 000d 0040 0025 0024
0000040 0006 0000 0004 0000 0040 0000 0000 0000
0000050 0040 0000 0000 0000 0040 0000 0000 0000
0000060 02d8 0000 0000 0000 02d8 0000 0000 0000
0000070 0008 0000 0000 0000 0003 0000 0004 0000
0000080 0318 0000 0000 0000 0318 0000 0000 0000
0000090 0318 0000 0000 0000 001c 0000 0000 0000
00000a0 001c 0000 0000 0000 0001 0000 0000 0000
00000b0 0001 0000 0004 0000 0000 0000 0000 0000
00000c0 0000 0000 0000 0000 0000 0000 0000 0000
00000d0 0650 0000 0000 0000 0650 0000 0000 0000
00000e0 1000 0000 0000 0000 0001 0000 0005 0000
00000f0 1000 0000 0000 0000 1000 0000 0000 0000
0000100 1000 0000 0000 0000 0205 0000 0000 0000
0000110 0205 0000 0000 0000 1000 0000 0000 0000
0000120 0001 0000 0004 0000 2000 0000 0000 0000
0000130 2000 0000 0000 0000 2000 0000 0000 0000
0000140 0118 0000 0000 0000 0118 0000 0000 0000
0000150 1000 0000 0000 0000 0001 0000 0006 0000
0000160 2d90 0000 0000 0000 3d90 0000 0000 0000
0000170 3d90 0000 0000 0000 02a0 0000 0000 0000
0000180 02a8 0000 0000 0000 1000 0000 0000 0000
0000190 0002 0000 0006 0000 2da8 0000 0000 0000
00001a0 3da8 0000 0000 0000 3da8 0000 0000 0000
00001b0 0230 0000 0000 0000 0230 0000 0000 0000
00001c0 0008 0000 0000 0000 0004 0000 0004 0000
00001d0 0338 0000 0000 0000 0338 0000 0000 0000
00001e0 0338 0000 0000 0000 0020 0000 0000 0000
00001f0 0020 0000 0000 0000 0008 0000 0000 0000
0000200 0004 0000 0004 0000 0358 0000 0000 0000
0000210 0358 0000 0000 0000 0358 0000 0000 0000
0000220 0020 0000 0000 0000 0020 0000 0000 0000
0000230 0004 0000 0000 0000 e553 6474 0004 0000
0000240 0338 0000 0000 0000 0338 0000 0000 0000
0000250 0338 0000 0000 0000 0020 0000 0000 0000
0000260 0020 0000 0000 0000 0008 0000 0000 0000
0000270 e550 6474 0004 0000 2014 0000 0000 0000
0000280 2014 0000 0000 0000 2014 0000 0000 0000
0000290 0034 0000 0000 0000 0034 0000 0000 0000
00002a0 0004 0000 0000 0000 e551 6474 0006 0000
00002b0 0000 0000 0000 0000 0000 0000 0000 0000
*
00002d0 0000 0000 0000 0000 0010 0000 0000 0000
00002e0 e552 6474 0004 0000 2d90 0000 0000 0000
00002f0 3d90 0000 0000 0000 3d90 0000 0000 0000
0000300 0270 0000 0000 0000 0270 0000 0000 0000
0000310 0001 0000 0000 0000 6c2f 6269 3436 6c2f
0000320 2d64 696c 756e 2d78 3878 2d36 3436 732e
0000330 2e6f 0032 0000 0000 0004 0000 0010 0000
0000340 0005 0000 4e47 0055 8002 c000 0004 0000
0000350 0001 0000 0000 0000 0004 0000 0010 0000
0000360 0001 0000 4e47 0055 0000 0000 0004 0000
0000370 0004 0000 0000 0000 0003 0000 0007 0000
0000380 0002 0000 0005 0000 0006 0000 0000 0000
0000390 0000 0000 0000 0000 0000 0000 0003 0000
00003a0 0004 0000 0001 0000 0001 0000 0001 0000
00003b0 0001 0000 0000 0000 0000 0000 0000 0000
00003c0 0000 0000 0000 0000 0000 0000 0000 0000
*
00003e0 0046 0000 0012 0000 0000 0000 0000 0000
00003f0 0000 0000 0000 0000 001d 0000 0020 0000
0000400 0000 0000 0000 0000 0000 0000 0000 0000
0000410 005c 0000 0012 0000 0000 0000 0000 0000
0000420 0000 0000 0000 0000 0001 0000 0020 0000
0000430 0000 0000 0000 0000 0000 0000 0000 0000
0000440 002c 0000 0020 0000 0000 0000 0000 0000
0000450 0000 0000 0000 0000 004d 0000 0022 0000
0000460 0000 0000 0000 0000 0000 0000 0000 0000
0000470 5f00 5449 5f4d 6564 6572 6967 7473 7265
0000480 4d54 6c43 6e6f 5465 6261 656c 5f00 675f
0000490 6f6d 5f6e 7473 7261 5f74 005f 495f 4d54
00004a0 725f 6765 7369 6574 5472 434d 6f6c 656e
00004b0 6154 6c62 0065 7270 6e69 6674 5f00 635f
00004c0 6178 665f 6e69 6c61 7a69 0065 5f5f 696c
00004d0 6362 735f 6174 7472 6d5f 6961 006e 696c
00004e0 6d62 732e 2e6f 0036 696c 6762 666c 2e77
00004f0 6f73 332e 6c00 6269 704f 6e65 4c47 732e
0000500 2e6f 0030 696c 6762 696c 2d62 2e32 2e30
0000510 6f73 302e 6c00 6269 2e63 6f73 362e 4700
0000520 494c 4342 325f 322e 352e 0000 0000 0002
0000530 0000 0002 0000 0000 0002 0000 0000 0000
0000540 0001 0001 00a5 0000 0010 0000 0000 0000
0000550 1a75 0969 0000 0002 00af 0000 0000 0000
0000560 3d90 0000 0000 0000 0008 0000 0000 0000
0000570 1150 0000 0000 0000 3d98 0000 0000 0000
0000580 0008 0000 0000 0000 1040 0000 0000 0000
0000590 3da0 0000 0000 0000 0008 0000 0000 0000
00005a0 1100 0000 0000 0000 4028 0000 0000 0000
00005b0 0008 0000 0000 0000 4028 0000 0000 0000
00005c0 3fd8 0000 0000 0000 0006 0000 0002 0000
00005d0 0000 0000 0000 0000 3fe0 0000 0000 0000
00005e0 0006 0000 0003 0000 0000 0000 0000 0000
00005f0 3fe8 0000 0000 0000 0006 0000 0004 0000
0000600 0000 0000 0000 0000 3ff0 0000 0000 0000
0000610 0006 0000 0005 0000 0000 0000 0000 0000
0000620 3ff8 0000 0000 0000 0006 0000 0006 0000
0000630 0000 0000 0000 0000 4018 0000 0000 0000
0000640 0007 0000 0001 0000 0000 0000 0000 0000
0000650 0000 0000 0000 0000 0000 0000 0000 0000
*
0001000 0ff3 fa1e 8348 08ec 8b48 c905 002f 4800
0001010 c085 0274 d0ff 8348 08c4 00c3 0000 0000
0001020 35ff 2fe2 0000 25ff 2fe4 0000 1f0f 0040
0001030 25ff 2fe2 0000 0068 0000 e900 ffe0 ffff
0001040 0ff3 fa1e ae0f 245c 81fc 244c 40fc 0080
0001050 0f00 54ae fc24 66c3 1f0f 0084 0000 0000
0001060 0ff3 fa1e ed31 8949 5ed1 8948 48e2 e483
0001070 50f0 4c54 058d 0176 0000 8d48 ff0d 0000
0001080 4800 3d8d 00d8 0000 15ff 2f52 0000 90f4
0001090 8d48 993d 002f 4800 058d 2f92 0000 3948
00010a0 74f8 4815 058b 2f3e 0000 8548 74c0 ff09
00010b0 0fe0 801f 0000 0000 0fc3 801f 0000 0000
00010c0 8d48 693d 002f 4800 358d 2f62 0000 2948
00010d0 48fe f089 c148 3fee c148 03f8 0148 48c6
00010e0 fed1 1474 8b48 0505 002f 4800 c085 0874
00010f0 e0ff 0f66 441f 0000 0fc3 801f 0000 0000
0001100 0ff3 fa1e 3d80 2f25 0000 7500 5533 8348
0001110 e23d 002e 0000 8948 74e5 480d 3d8b 2f06
0001120 0000 15ff 2ed0 0000 63e8 ffff c6ff fc05
0001130 002e 0100 c35d 2e66 1f0f 0084 0000 0000
0001140 66c3 2e66 1f0f 0084 0000 0000 1f0f 0040
0001150 0ff3 fa1e 67e9 ffff 0fff 801f 0000 0000
0001160 4850 3d8d 0e9c 0000 c031 c1e8 fffe 31ff
0001170 59c0 66c3 0f2e 841f 0000 0000 0f00 001f
0001180 0ff3 fa1e 5741 8d4c 033d 002c 4100 4956
0001190 d689 5541 8949 41f5 4154 fc89 4855 2d8d
00011a0 2bfc 0000 4c53 fd29 8348 08ec 4fe8 fffe
00011b0 48ff fdc1 7403 311f 0fdb 801f 0000 0000
00011c0 894c 4cf2 ee89 8944 41e7 14ff 48df c383
00011d0 4801 dd39 ea75 8348 08c4 5d5b 5c41 5d41
00011e0 5e41 5f41 66c3 2e66 1f0f 0084 0000 0000
00011f0 0ff3 fa1e 00c3 0000 0ff3 fa1e 8348 08ec
0001200 8348 08c4 00c3 0000 0000 0000 0000 0000
0001210 0000 0000 0000 0000 0000 0000 0000 0000
*
0002000 0001 0002 6548 6c6c 2c6f 5720 726f 646c
0002010 0021 0000 1b01 3b03 0030 0000 0005 0000
0002020 f00c ffff 0064 0000 f02c ffff 008c 0000
0002030 f04c ffff 004c 0000 f16c ffff 00a4 0000
0002040 f1dc ffff 00ec 0000 0014 0000 0000 0000
0002050 7a01 0052 7801 0110 0c1b 0807 0190 0000
0002060 0014 0000 001c 0000 eff8 ffff 002f 0000
0002070 4400 1007 0000 0000 0024 0000 0034 0000
0002080 efa0 ffff 0020 0000 0e00 4610 180e 0f4a
0002090 770b 8008 3f00 3b1a 332a 2224 0000 0000
00020a0 0014 0000 005c 0000 ef98 ffff 0017 0000
00020b0 0000 0000 0000 0000 0044 0000 0074 0000
00020c0 f0c0 ffff 0065 0000 4600 100e 028f 0e49
00020d0 8e18 4503 200e 048d 0e45 8c28 4405 300e
00020e0 0686 0e48 8338 4707 400e 0e6e 4138 300e
00020f0 0e41 4228 200e 0e42 4218 100e 0e42 0008
0002100 0010 0000 00bc 0000 f0e8 ffff 0005 0000
0002110 0000 0000 0000 0000 0000 0000 0000 0000
*
0002d90 1150 0000 0000 0000 1040 0000 0000 0000
0002da0 1100 0000 0000 0000 0001 0000 0000 0000
0002db0 006e 0000 0000 0000 0001 0000 0000 0000
0002dc0 0078 0000 0000 0000 0001 0000 0000 0000
0002dd0 0085 0000 0000 0000 0001 0000 0000 0000
0002de0 0094 0000 0000 0000 0001 0000 0000 0000
0002df0 00a5 0000 0000 0000 000c 0000 0000 0000
0002e00 1000 0000 0000 0000 000d 0000 0000 0000
0002e10 11f8 0000 0000 0000 0019 0000 0000 0000
0002e20 3d90 0000 0000 0000 001b 0000 0000 0000
0002e30 0010 0000 0000 0000 001a 0000 0000 0000
0002e40 3da0 0000 0000 0000 001c 0000 0000 0000
0002e50 0008 0000 0000 0000 0004 0000 0000 0000
0002e60 0378 0000 0000 0000 fef5 6fff 0000 0000
0002e70 03a8 0000 0000 0000 0005 0000 0000 0000
0002e80 0470 0000 0000 0000 0006 0000 0000 0000
0002e90 03c8 0000 0000 0000 000a 0000 0000 0000
0002ea0 00bb 0000 0000 0000 000b 0000 0000 0000
0002eb0 0018 0000 0000 0000 0015 0000 0000 0000
0002ec0 0000 0000 0000 0000 0003 0000 0000 0000
0002ed0 4000 0000 0000 0000 0002 0000 0000 0000
0002ee0 0018 0000 0000 0000 0014 0000 0000 0000
0002ef0 0007 0000 0000 0000 0017 0000 0000 0000
0002f00 0638 0000 0000 0000 0007 0000 0000 0000
0002f10 0560 0000 0000 0000 0008 0000 0000 0000
0002f20 00d8 0000 0000 0000 0009 0000 0000 0000
0002f30 0018 0000 0000 0000 fffb 6fff 0000 0000
0002f40 0000 0800 0000 0000 fffe 6fff 0000 0000
0002f50 0540 0000 0000 0000 ffff 6fff 0000 0000
0002f60 0001 0000 0000 0000 fff0 6fff 0000 0000
0002f70 052c 0000 0000 0000 fff9 6fff 0000 0000
0002f80 0004 0000 0000 0000 0000 0000 0000 0000
0002f90 0000 0000 0000 0000 0000 0000 0000 0000
*
0003000 3da8 0000 0000 0000 0000 0000 0000 0000
0003010 0000 0000 0000 0000 1036 0000 0000 0000
0003020 0000 0000 0000 0000 4028 0000 0000 0000
0003030 4347 3a43 2820 4e47 2955 3120 2e30 2e32
0003040 0030 002c 0000 0002 0000 0000 0008 0000
0003050 0000 1040 0000 0000 0000 0017 0000 0000
0003060 0000 0000 0000 0000 0000 0000 0000 0000
0003070 0000 0060 0000 0004 0000 0000 0108 007c
0003080 0000 140c 0000 4800 0000 0000 0000 0000
0003090 0000 0000 0000 0000 0000 0200 0006 0000
00030a0 5301 4001 0010 0000 0000 1700 0000 0000
00030b0 0000 0100 5c9c 0000 0300 0000 0000 5e01
00030c0 5c10 0000 0600 0000 0000 0000 0000 0404
00030d0 3607 0001 0000 1101 2501 130e 030b 1b0e
00030e0 550e 1117 1001 0017 0200 012e 0e03 0b3a
00030f0 0b3b 0b39 1927 0111 0712 1840 4297 0119
0003100 0013 0300 0034 0e03 0b3a 0b3b 0b39 1349
0003110 1702 42b7 0017 0400 0024 0b0b 0b3e 0e03
0003120 0000 7900 0000 0300 4a00 0000 0100 fb01
0003130 0d0e 0100 0101 0001 0000 0001 0100 622f
0003140 6975 646c 672f 6363 732f 6372 672f 6363
0003150 6c2f 6269 6367 2f63 6f63 666e 6769 692f
0003160 3833 0036 6300 7472 6166 7473 616d 6874
0003170 632e 0100 0000 0500 0001 0209 1040 0000
0003180 0000 0000 d303 0100 0305 0a03 054a 0618
0003190 0501 0603 1359 8206 0105 025a 0001 0101
00031a0 786d 7363 0072 6573 5f74 6166 7473 6d5f
00031b0 7461 0068 622f 6975 646c 672f 6363 732f
00031c0 6372 672f 6363 6c2f 6269 6367 2f63 6f63
00031d0 666e 6769 692f 3833 2f36 7263 6674 7361
00031e0 6d74 7461 2e68 0063 622f 6975 646c 672f
00031f0 6363 732f 6372 672f 6363 622d 6975 646c
0003200 782f 3638 365f 2d34 6370 6c2d 6e69 7875
0003210 672d 756e 6c2f 6269 6367 0063 4e47 2055
0003220 3143 2037 3031 322e 302e 2d20 616d 6372
0003230 3d68 3878 2d36 3436 2d20 746d 6e75 3d65
0003240 6567 656e 6972 2063 6d2d 6f6c 676e 642d
0003250 756f 6c62 2d65 3038 2d20 736d 7368 6b74
0003260 2d20 2067 672d 2d20 2067 4f2d 2032 4f2d
0003270 2032 4f2d 2032 662d 6f6e 702d 746c 2d20
0003280 6366 2d66 7270 746f 6365 6974 6e6f 663d
0003290 6c75 206c 662d 7562 6c69 6964 676e 6c2d
00032a0 6269 6367 2063 662d 6f6e 732d 6174 6b63
00032b0 702d 6f72 6574 7463 726f 2d20 7066 6369
00032c0 2d20 6366 2d66 7270 746f 6365 6974 6e6f
00032d0 663d 6c75 006c 6e75 6973 6e67 6465 6920
00032e0 746e 0000 0101 0000 4900 0010 0000 0000
00032f0 4900 0010 0000 0000 0200 9100 4974 0010
0003300 0000 0000 5100 0010 0000 0000 0900 9100
0003310 9474 0a04 8040 9f21 1051 0000 0000 0000
0003320 1057 0000 0000 0000 0002 7491 0000 0000
0003330 0000 0000 0000 0000 0000 0000 1040 0000
0003340 0000 0000 1057 0000 0000 0000 0000 0000
0003350 0000 0000 0000 0000 0000 0000 0000 0000
*
0003370 0000 0000 0000 0000 0001 0000 0004 fff1
0003380 0000 0000 0000 0000 0000 0000 0000 0000
0003390 000c 0000 0001 0003 0358 0000 0000 0000
00033a0 0020 0000 0000 0000 0016 0000 0004 fff1
00033b0 0000 0000 0000 0000 0000 0000 0000 0000
00033c0 001d 0000 0004 fff1 0000 0000 0000 0000
00033d0 0000 0000 0000 0000 002b 0000 0002 000e
00033e0 1040 0000 0000 0000 0017 0000 0000 0000
00033f0 0039 0000 0004 fff1 0000 0000 0000 0000
0003400 0000 0000 0000 0000 0044 0000 0002 000e
0003410 1090 0000 0000 0000 0000 0000 0000 0000
0003420 0046 0000 0002 000e 10c0 0000 0000 0000
0003430 0000 0000 0000 0000 0059 0000 0002 000e
0003440 1100 0000 0000 0000 0000 0000 0000 0000
0003450 006f 0000 0001 0019 4030 0000 0000 0000
0003460 0001 0000 0000 0000 007b 0000 0001 0014
0003470 3da0 0000 0000 0000 0000 0000 0000 0000
0003480 00a2 0000 0002 000e 1150 0000 0000 0000
0003490 0000 0000 0000 0000 00ae 0000 0001 0013
00034a0 3d90 0000 0000 0000 0000 0000 0000 0000
00034b0 00cd 0000 0004 fff1 0000 0000 0000 0000
00034c0 0000 0000 0000 0000 0039 0000 0004 fff1
00034d0 0000 0000 0000 0000 0000 0000 0000 0000
00034e0 00d7 0000 0001 0012 2114 0000 0000 0000
00034f0 0000 0000 0000 0000 0000 0000 0004 fff1
0003500 0000 0000 0000 0000 0000 0000 0000 0000
0003510 00e5 0000 0000 0011 2014 0000 0000 0000
0003520 0000 0000 0000 0000 00f8 0000 0001 0017
0003530 4000 0000 0000 0000 0000 0000 0000 0000
0003540 010e 0000 0000 0013 3da0 0000 0000 0000
0003550 0000 0000 0000 0000 011f 0000 0000 0013
0003560 3d90 0000 0000 0000 0000 0000 0000 0000
0003570 0132 0000 0001 0015 3da8 0000 0000 0000
0003580 0000 0000 0000 0000 021b 0000 0002 000c
0003590 1000 0000 0000 0000 0000 0000 0000 0000
00035a0 01d2 0000 0020 0018 4020 0000 0000 0000
00035b0 0000 0000 0000 0000 013b 0000 0012 0000
00035c0 0000 0000 0000 0000 0000 0000 0000 0000
00035d0 014e 0000 0012 000e 11f0 0000 0000 0000
00035e0 0005 0000 0000 0000 01d6 0000 0012 000e
00035f0 1060 0000 0000 0000 002f 0000 0000 0000
0003600 015e 0000 0020 0000 0000 0000 0000 0000
0003610 0000 0000 0000 0000 0158 0000 0212 000f
0003620 11f8 0000 0000 0000 0000 0000 0000 0000
0003630 016d 0000 0012 0000 0000 0000 0000 0000
0003640 0000 0000 0000 0000 018b 0000 0020 0000
0003650 0000 0000 0000 0000 0000 0000 0000 0000
0003660 01a7 0000 0011 0010 2000 0000 0000 0000
0003670 0004 0000 0000 0000 01b6 0000 0020 0000
0003680 0000 0000 0000 0000 0000 0000 0000 0000
0003690 01d0 0000 0010 0018 4020 0000 0000 0000
00036a0 0000 0000 0000 0000 01dd 0000 0022 0000
00036b0 0000 0000 0000 0000 0000 0000 0000 0000
00036c0 01f8 0000 0211 0018 4030 0000 0000 0000
00036d0 0000 0000 0000 0000 0204 0000 0211 0018
00036e0 4028 0000 0000 0000 0000 0000 0000 0000
00036f0 0211 0000 0012 000e 1180 0000 0000 0000
0003700 0065 0000 0000 0000 0221 0000 0010 0019
0003710 4030 0000 0000 0000 0000 0000 0000 0000
0003720 011a 0000 0010 0019 4038 0000 0000 0000
0003730 0000 0000 0000 0000 022d 0000 0010 0018
0003740 4030 0000 0000 0000 0000 0000 0000 0000
0003750 0234 0000 0012 000e 1160 0000 0000 0000
0003760 0013 0000 0000 0000 6100 6962 6e2d 746f
0003770 2e65 0063 5f5f 6261 5f69 6174 0067 6e69
0003780 7469 632e 6300 7472 6166 7473 616d 6874
0003790 632e 7300 7465 665f 7361 5f74 616d 6874
00037a0 6300 7472 7473 6675 2e66 0063 6564 6572
00037b0 6967 7473 7265 745f 5f6d 6c63 6e6f 7365
00037c0 5f00 645f 5f6f 6c67 626f 6c61 645f 6f74
00037d0 7372 615f 7875 6300 6d6f 6c70 7465 6465
00037e0 302e 5f00 645f 5f6f 6c67 626f 6c61 645f
00037f0 6f74 7372 615f 7875 665f 6e69 5f69 7261
0003800 6172 5f79 6e65 7274 0079 7266 6d61 5f65
0003810 7564 6d6d 0079 5f5f 7266 6d61 5f65 7564
0003820 6d6d 5f79 6e69 7469 615f 7272 7961 655f
0003830 746e 7972 6900 706e 7475 6946 656c 5f00
0003840 465f 4152 454d 455f 444e 5f5f 5f00 475f
0003850 554e 455f 5f48 5246 4d41 5f45 4448 0052
0003860 475f 4f4c 4142 5f4c 464f 5346 5445 545f
0003870 4241 454c 005f 5f5f 6e69 7469 615f 7272
0003880 7961 655f 646e 5f00 695f 696e 5f74 7261
0003890 6172 5f79 7473 7261 0074 445f 4e59 4d41
00038a0 4349 7000 6972 746e 4066 4c47 4249 5f43
00038b0 2e32 2e32 0035 5f5f 696c 6362 635f 7573
00038c0 665f 6e69 0069 5f5f 6d67 6e6f 735f 6174
00038d0 7472 5f5f 5f00 6c5f 6269 5f63 7473 7261
00038e0 5f74 616d 6e69 4740 494c 4342 325f 322e
00038f0 352e 5f00 5449 5f4d 6564 6572 6967 7473
0003900 7265 4d54 6c43 6e6f 5465 6261 656c 5f00
0003910 4f49 735f 6474 6e69 755f 6573 0064 495f
0003920 4d54 725f 6765 7369 6574 5472 434d 6f6c
0003930 656e 6154 6c62 0065 5f5f 6164 6174 735f
0003940 6174 7472 5f00 635f 6178 665f 6e69 6c61
0003950 7a69 4065 4c47 4249 5f43 2e32 2e32 0035
0003960 5f5f 4d54 5f43 4e45 5f44 005f 5f5f 7364
0003970 5f6f 6168 646e 656c 5f00 6c5f 6269 5f63
0003980 7363 5f75 6e69 7469 5f00 625f 7373 735f
0003990 6174 7472 5f00 6465 7461 0061 616d 6e69
00039a0 0000 732e 6d79 6174 0062 732e 7274 6174
00039b0 0062 732e 7368 7274 6174 0062 692e 746e
00039c0 7265 0070 6e2e 746f 2e65 6e67 2e75 7270
00039d0 706f 7265 7974 2e00 6f6e 6574 412e 4942
00039e0 742d 6761 2e00 6e67 2e75 6168 6873 2e00
00039f0 7964 736e 6d79 2e00 7964 736e 7274 2e00
0003a00 6e67 2e75 6576 7372 6f69 006e 672e 756e
0003a10 762e 7265 6973 6e6f 725f 2e00 6572 616c
0003a20 642e 6e79 2e00 6572 616c 702e 746c 2e00
0003a30 6e69 7469 2e00 6574 7478 2e00 6966 696e
0003a40 2e00 6f72 6164 6174 2e00 6865 665f 6172
0003a50 656d 685f 7264 2e00 6865 665f 6172 656d
0003a60 2e00 6e69 7469 615f 7272 7961 2e00 6966
0003a70 696e 615f 7272 7961 2e00 7964 616e 696d
0003a80 0063 672e 746f 2e00 6f67 2e74 6c70 0074
0003a90 642e 7461 0061 622e 7373 2e00 6f63 6d6d
0003aa0 6e65 0074 642e 6265 6775 615f 6172 676e
0003ab0 7365 2e00 6564 7562 5f67 6e69 6f66 2e00
0003ac0 6564 7562 5f67 6261 7262 7665 2e00 6564
0003ad0 7562 5f67 696c 656e 2e00 6564 7562 5f67
0003ae0 7473 0072 642e 6265 6775 6c5f 636f 2e00
0003af0 6564 7562 5f67 6172 676e 7365 0000 0000
0003b00 0000 0000 0000 0000 0000 0000 0000 0000
*
0003b40 001b 0000 0001 0000 0002 0000 0000 0000
0003b50 0318 0000 0000 0000 0318 0000 0000 0000
0003b60 001c 0000 0000 0000 0000 0000 0000 0000
0003b70 0001 0000 0000 0000 0000 0000 0000 0000
0003b80 0023 0000 0007 0000 0002 0000 0000 0000
0003b90 0338 0000 0000 0000 0338 0000 0000 0000
0003ba0 0020 0000 0000 0000 0000 0000 0000 0000
0003bb0 0008 0000 0000 0000 0000 0000 0000 0000
0003bc0 0036 0000 0007 0000 0002 0000 0000 0000
0003bd0 0358 0000 0000 0000 0358 0000 0000 0000
0003be0 0020 0000 0000 0000 0000 0000 0000 0000
0003bf0 0004 0000 0000 0000 0000 0000 0000 0000
0003c00 0048 0000 0005 0000 0002 0000 0000 0000
0003c10 0378 0000 0000 0000 0378 0000 0000 0000
0003c20 0030 0000 0000 0000 0006 0000 0000 0000
0003c30 0008 0000 0000 0000 0004 0000 0000 0000
0003c40 0044 0000 fff6 6fff 0002 0000 0000 0000
0003c50 03a8 0000 0000 0000 03a8 0000 0000 0000
0003c60 001c 0000 0000 0000 0006 0000 0000 0000
0003c70 0008 0000 0000 0000 0000 0000 0000 0000
0003c80 004e 0000 000b 0000 0002 0000 0000 0000
0003c90 03c8 0000 0000 0000 03c8 0000 0000 0000
0003ca0 00a8 0000 0000 0000 0007 0000 0001 0000
0003cb0 0008 0000 0000 0000 0018 0000 0000 0000
0003cc0 0056 0000 0003 0000 0002 0000 0000 0000
0003cd0 0470 0000 0000 0000 0470 0000 0000 0000
0003ce0 00bb 0000 0000 0000 0000 0000 0000 0000
0003cf0 0001 0000 0000 0000 0000 0000 0000 0000
0003d00 005e 0000 ffff 6fff 0002 0000 0000 0000
0003d10 052c 0000 0000 0000 052c 0000 0000 0000
0003d20 000e 0000 0000 0000 0006 0000 0000 0000
0003d30 0002 0000 0000 0000 0002 0000 0000 0000
0003d40 006b 0000 fffe 6fff 0002 0000 0000 0000
0003d50 0540 0000 0000 0000 0540 0000 0000 0000
0003d60 0020 0000 0000 0000 0007 0000 0001 0000
0003d70 0008 0000 0000 0000 0000 0000 0000 0000
0003d80 007a 0000 0004 0000 0002 0000 0000 0000
0003d90 0560 0000 0000 0000 0560 0000 0000 0000
0003da0 00d8 0000 0000 0000 0006 0000 0000 0000
0003db0 0008 0000 0000 0000 0018 0000 0000 0000
0003dc0 0084 0000 0004 0000 0042 0000 0000 0000
0003dd0 0638 0000 0000 0000 0638 0000 0000 0000
0003de0 0018 0000 0000 0000 0006 0000 0017 0000
0003df0 0008 0000 0000 0000 0018 0000 0000 0000
0003e00 008e 0000 0001 0000 0006 0000 0000 0000
0003e10 1000 0000 0000 0000 1000 0000 0000 0000
0003e20 001b 0000 0000 0000 0000 0000 0000 0000
0003e30 0004 0000 0000 0000 0000 0000 0000 0000
0003e40 0089 0000 0001 0000 0006 0000 0000 0000
0003e50 1020 0000 0000 0000 1020 0000 0000 0000
0003e60 0020 0000 0000 0000 0000 0000 0000 0000
0003e70 0010 0000 0000 0000 0010 0000 0000 0000
0003e80 0094 0000 0001 0000 0006 0000 0000 0000
0003e90 1040 0000 0000 0000 1040 0000 0000 0000
0003ea0 01b5 0000 0000 0000 0000 0000 0000 0000
0003eb0 0010 0000 0000 0000 0000 0000 0000 0000
0003ec0 009a 0000 0001 0000 0006 0000 0000 0000
0003ed0 11f8 0000 0000 0000 11f8 0000 0000 0000
0003ee0 000d 0000 0000 0000 0000 0000 0000 0000
0003ef0 0004 0000 0000 0000 0000 0000 0000 0000
0003f00 00a0 0000 0001 0000 0002 0000 0000 0000
0003f10 2000 0000 0000 0000 2000 0000 0000 0000
0003f20 0012 0000 0000 0000 0000 0000 0000 0000
0003f30 0004 0000 0000 0000 0000 0000 0000 0000
0003f40 00a8 0000 0001 0000 0002 0000 0000 0000
0003f50 2014 0000 0000 0000 2014 0000 0000 0000
0003f60 0034 0000 0000 0000 0000 0000 0000 0000
0003f70 0004 0000 0000 0000 0000 0000 0000 0000
0003f80 00b6 0000 0001 0000 0002 0000 0000 0000
0003f90 2048 0000 0000 0000 2048 0000 0000 0000
0003fa0 00d0 0000 0000 0000 0000 0000 0000 0000
0003fb0 0008 0000 0000 0000 0000 0000 0000 0000
0003fc0 00c0 0000 000e 0000 0003 0000 0000 0000
0003fd0 3d90 0000 0000 0000 2d90 0000 0000 0000
0003fe0 0010 0000 0000 0000 0000 0000 0000 0000
0003ff0 0008 0000 0000 0000 0008 0000 0000 0000
0004000 00cc 0000 000f 0000 0003 0000 0000 0000
0004010 3da0 0000 0000 0000 2da0 0000 0000 0000
0004020 0008 0000 0000 0000 0000 0000 0000 0000
0004030 0008 0000 0000 0000 0008 0000 0000 0000
0004040 00d8 0000 0006 0000 0003 0000 0000 0000
0004050 3da8 0000 0000 0000 2da8 0000 0000 0000
0004060 0230 0000 0000 0000 0007 0000 0000 0000
0004070 0008 0000 0000 0000 0010 0000 0000 0000
0004080 00e1 0000 0001 0000 0003 0000 0000 0000
0004090 3fd8 0000 0000 0000 2fd8 0000 0000 0000
00040a0 0028 0000 0000 0000 0000 0000 0000 0000
00040b0 0008 0000 0000 0000 0008 0000 0000 0000
00040c0 00e6 0000 0001 0000 0003 0000 0000 0000
00040d0 4000 0000 0000 0000 3000 0000 0000 0000
00040e0 0020 0000 0000 0000 0000 0000 0000 0000
00040f0 0008 0000 0000 0000 0008 0000 0000 0000
0004100 00ef 0000 0001 0000 0003 0000 0000 0000
0004110 4020 0000 0000 0000 3020 0000 0000 0000
0004120 0010 0000 0000 0000 0000 0000 0000 0000
0004130 0008 0000 0000 0000 0000 0000 0000 0000
0004140 00f5 0000 0008 0000 0003 0000 0000 0000
0004150 4030 0000 0000 0000 3030 0000 0000 0000
0004160 0008 0000 0000 0000 0000 0000 0000 0000
0004170 0001 0000 0000 0000 0000 0000 0000 0000
0004180 00fa 0000 0001 0000 0030 0000 0000 0000
0004190 0000 0000 0000 0000 3030 0000 0000 0000
00041a0 0012 0000 0000 0000 0000 0000 0000 0000
00041b0 0001 0000 0000 0000 0001 0000 0000 0000
00041c0 0103 0000 0001 0000 0000 0000 0000 0000
00041d0 0000 0000 0000 0000 3042 0000 0000 0000
00041e0 0030 0000 0000 0000 0000 0000 0000 0000
00041f0 0001 0000 0000 0000 0000 0000 0000 0000
0004200 0112 0000 0001 0000 0000 0000 0000 0000
0004210 0000 0000 0000 0000 3072 0000 0000 0000
0004220 0064 0000 0000 0000 0000 0000 0000 0000
0004230 0001 0000 0000 0000 0000 0000 0000 0000
0004240 011e 0000 0001 0000 0000 0000 0000 0000
0004250 0000 0000 0000 0000 30d6 0000 0000 0000
0004260 004d 0000 0000 0000 0000 0000 0000 0000
0004270 0001 0000 0000 0000 0000 0000 0000 0000
0004280 012c 0000 0001 0000 0000 0000 0000 0000
0004290 0000 0000 0000 0000 3123 0000 0000 0000
00042a0 007d 0000 0000 0000 0000 0000 0000 0000
00042b0 0001 0000 0000 0000 0000 0000 0000 0000
00042c0 0138 0000 0001 0000 0030 0000 0000 0000
00042d0 0000 0000 0000 0000 31a0 0000 0000 0000
00042e0 0143 0000 0000 0000 0000 0000 0000 0000
00042f0 0001 0000 0000 0000 0001 0000 0000 0000
0004300 0143 0000 0001 0000 0000 0000 0000 0000
0004310 0000 0000 0000 0000 32e3 0000 0000 0000
0004320 0059 0000 0000 0000 0000 0000 0000 0000
0004330 0001 0000 0000 0000 0000 0000 0000 0000
0004340 014e 0000 0001 0000 0000 0000 0000 0000
0004350 0000 0000 0000 0000 333c 0000 0000 0000
0004360 0020 0000 0000 0000 0000 0000 0000 0000
0004370 0001 0000 0000 0000 0000 0000 0000 0000
0004380 0001 0000 0002 0000 0000 0000 0000 0000
0004390 0000 0000 0000 0000 3360 0000 0000 0000
00043a0 0408 0000 0000 0000 0023 0000 0018 0000
00043b0 0008 0000 0000 0000 0018 0000 0000 0000
00043c0 0009 0000 0003 0000 0000 0000 0000 0000
00043d0 0000 0000 0000 0000 3768 0000 0000 0000
00043e0 0239 0000 0000 0000 0000 0000 0000 0000
00043f0 0001 0000 0000 0000 0000 0000 0000 0000
0004400 0011 0000 0003 0000 0000 0000 0000 0000
0004410 0000 0000 0000 0000 39a1 0000 0000 0000
0004420 015c 0000 0000 0000 0000 0000 0000 0000
0004430 0001 0000 0000 0000 0000 0000 0000 0000
0004440
